<?xml version="1.0" encoding="utf-8"?><testsuites name="pytest tests"><testsuite name="pytest" errors="0" failures="0" skipped="0" tests="22" time="16.902" timestamp="2026-02-22T21:57:30.067172+00:00" hostname="agent-env-52e1438a-fc1e-45fb-b5b2-3f28dd0a37f3"><testcase classname="backend.tests.test_revent.TestHealth" name="test_health_endpoint" time="0.151" /><testcase classname="backend.tests.test_revent.TestAuthRegister" name="test_register_new_user" time="0.350" /><testcase classname="backend.tests.test_revent.TestAuthRegister" name="test_register_duplicate_email" time="0.057" /><testcase classname="backend.tests.test_revent.TestAuthLogin" name="test_login_valid_credentials" time="0.291" /><testcase classname="backend.tests.test_revent.TestAuthLogin" name="test_login_invalid_password" time="0.291" /><testcase classname="backend.tests.test_revent.TestAuthLogin" name="test_login_nonexistent_email" time="0.056" /><testcase classname="backend.tests.test_revent.TestAuthLogin" name="test_login_missing_fields" time="0.050" /><testcase classname="backend.tests.test_revent.TestAuthMe" name="test_get_me_authenticated" time="0.349" /><testcase classname="backend.tests.test_revent.TestAuthMe" name="test_get_me_unauthenticated" time="0.168" /><testcase classname="backend.tests.test_revent.TestChat" name="test_chat_basic_message" time="3.358" /><testcase classname="backend.tests.test_revent.TestChat" name="test_chat_gossip_mode" time="2.323" /><testcase classname="backend.tests.test_revent.TestChat" name="test_chat_hear_me_mode" time="2.455" /><testcase classname="backend.tests.test_revent.TestChat" name="test_chat_back_me_mode" time="1.936" /><testcase classname="backend.tests.test_revent.TestChat" name="test_chat_anonymous_user" time="3.907" /><testcase classname="backend.tests.test_revent.TestUserProfile" name="test_update_profile_language" time="0.090" /><testcase classname="backend.tests.test_revent.TestUserProfile" name="test_update_profile_onboarding" time="0.077" /><testcase classname="backend.tests.test_revent.TestUserProfile" name="test_update_profile_unauthenticated" time="0.104" /><testcase classname="backend.tests.test_revent.TestCoins" name="test_get_coins_balance" time="0.061" /><testcase classname="backend.tests.test_revent.TestCoins" name="test_get_coins_unauthenticated" time="0.123" /><testcase classname="backend.tests.test_revent.TestMarkFirstLogin" name="test_mark_first_login_authenticated" time="0.082" /><testcase classname="backend.tests.test_revent.TestMarkFirstLogin" name="test_mark_first_login_unauthenticated" time="0.149" /><testcase classname="backend.tests.test_revent.TestLogout" name="test_logout" time="0.445" /></testsuite></testsuites>