<?xml version="1.0" encoding="utf-8"?><testsuites name="pytest tests"><testsuite name="pytest" errors="0" failures="0" skipped="0" tests="16" time="6.924" timestamp="2026-02-22T23:13:08.987411+00:00" hostname="agent-env-be809ddc-7029-4410-bd3c-5c41e63e94fc"><testcase classname="tests.test_character_crud.TestHealthAndAuth" name="test_health_endpoint" time="0.193" /><testcase classname="tests.test_character_crud.TestHealthAndAuth" name="test_register_new_user" time="0.370" /><testcase classname="tests.test_character_crud.TestHealthAndAuth" name="test_login_existing_user" time="0.735" /><testcase classname="tests.test_character_crud.TestHealthAndAuth" name="test_login_invalid_credentials" time="0.136" /><testcase classname="tests.test_character_crud.TestCharacterCRUD" name="test_get_characters_empty_initially" time="0.528" /><testcase classname="tests.test_character_crud.TestCharacterCRUD" name="test_create_character" time="0.431" /><testcase classname="tests.test_character_crud.TestCharacterCRUD" name="test_character_appears_in_list" time="0.528" /><testcase classname="tests.test_character_crud.TestCharacterCRUD" name="test_delete_character" time="0.611" /><testcase classname="tests.test_character_crud.TestCharacterCRUD" name="test_delete_nonexistent_character" time="0.435" /><testcase classname="tests.test_character_crud.TestMaxCharacterLimit" name="test_can_create_three_characters" time="0.603" /><testcase classname="tests.test_character_crud.TestMaxCharacterLimit" name="test_fourth_character_rejected" time="0.582" /><testcase classname="tests.test_character_crud.TestMaxCharacterLimit" name="test_can_create_after_delete" time="0.698" /><testcase classname="tests.test_character_crud.TestAuthRequired" name="test_get_characters_requires_auth" time="0.116" /><testcase classname="tests.test_character_crud.TestAuthRequired" name="test_create_character_requires_auth" time="0.147" /><testcase classname="tests.test_character_crud.TestAuthRequired" name="test_delete_character_requires_auth" time="0.149" /><testcase classname="tests.test_character_crud.TestLogout" name="test_logout_clears_session" time="0.605" /></testsuite></testsuites>