<?xml version="1.0" encoding="utf-8"?><testsuites name="pytest tests"><testsuite name="pytest" errors="0" failures="0" skipped="0" tests="13" time="11.374" timestamp="2026-02-23T00:04:22.712185+00:00" hostname="agent-env-be809ddc-7029-4410-bd3c-5c41e63e94fc"><testcase classname="tests.test_iteration4_features.TestHealthAndAuth" name="test_health_endpoint" time="0.151" /><testcase classname="tests.test_iteration4_features.TestHealthAndAuth" name="test_login_success" time="0.393" /><testcase classname="tests.test_iteration4_features.TestChatSessionsAPI" name="test_get_sessions_for_default_vibe" time="0.498" /><testcase classname="tests.test_iteration4_features.TestChatSessionsAPI" name="test_create_chat_session" time="0.582" /><testcase classname="tests.test_iteration4_features.TestChatSessionsAPI" name="test_get_chat_history" time="0.424" /><testcase classname="tests.test_iteration4_features.TestChatSessionsAPI" name="test_chat_auto_creates_session" time="3.429" /><testcase classname="tests.test_iteration4_features.TestChatSessionsAPI" name="test_duplicate_session_handling" time="0.650" /><testcase classname="tests.test_iteration4_features.TestGossipModeNoHistory" name="test_gossip_mode_is_vault" time="2.021" /><testcase classname="tests.test_iteration4_features.TestGossipModeNoHistory" name="test_gossip_mode_no_session_created" time="1.987" /><testcase classname="tests.test_iteration4_features.TestCharacterDeletionCascade" name="test_character_deletion_deletes_sessions" time="0.697" /><testcase classname="tests.test_iteration4_features.TestAuthRequired" name="test_sessions_requires_auth" time="0.162" /><testcase classname="tests.test_iteration4_features.TestAuthRequired" name="test_history_requires_auth" time="0.212" /><testcase classname="tests.test_iteration4_features.TestAuthRequired" name="test_create_session_requires_auth" time="0.134" /></testsuite></testsuites>