<?xml version="1.0" encoding="utf-8"?><testsuites name="pytest tests"><testsuite name="pytest" errors="0" failures="0" skipped="0" tests="10" time="27.742" timestamp="2026-02-22T23:41:17.165286+00:00" hostname="agent-env-be809ddc-7029-4410-bd3c-5c41e63e94fc"><testcase classname="backend.tests.test_onboarding_flow.TestHealthAndWelcome" name="test_health_endpoint" time="0.225" /><testcase classname="backend.tests.test_onboarding_flow.TestHealthAndWelcome" name="test_chat_welcome_unauthenticated" time="0.126" /><testcase classname="backend.tests.test_onboarding_flow.TestOnboardingChatFlow" name="test_onboarding_initial_message_triggers_consent" time="2.151" /><testcase classname="backend.tests.test_onboarding_flow.TestOnboardingChatFlow" name="test_onboarding_consent_yes_proceeds" time="5.695" /><testcase classname="backend.tests.test_onboarding_flow.TestOnboardingChatFlow" name="test_onboarding_consent_no_respects_decline" time="7.650" /><testcase classname="backend.tests.test_onboarding_flow.TestOnboardingBypass" name="test_gossip_mode_bypasses_onboarding" time="1.697" /><testcase classname="backend.tests.test_onboarding_flow.TestOnboardingBypass" name="test_custom_persona_bypasses_onboarding" time="4.727" /><testcase classname="backend.tests.test_onboarding_flow.TestOnboardingSkip" name="test_skip_keyword_works" time="4.412" /><testcase classname="backend.tests.test_onboarding_flow.TestExistingUserChatWelcome" name="test_welcome_for_completed_user" time="0.484" /><testcase classname="backend.tests.test_onboarding_flow.TestCharacterCreatorNaming" name="test_character_uses_base_role_as_label" time="0.532" /></testsuite></testsuites>